#
# There is insufficient memory for the Java Runtime Environment to continue.
# Native memory allocation (malloc) failed to allocate 201856 bytes for Chunk::new
# Possible reasons:
#   The system is out of physical RAM or swap space
#   The process is running with CompressedOops enabled, and the Java Heap may be blocking the growth of the native heap
# Possible solutions:
#   Reduce memory load on the system
#   Increase physical memory or swap space
#   Check if swap backing store is full
#   Decrease Java heap size (-Xmx/-Xms)
#   Decrease number of Java threads
#   Decrease Java thread stack sizes (-Xss)
#   Set larger code cache with -XX:ReservedCodeCacheSize=
#   JVM is running with Unscaled Compressed Oops mode in which the Java heap is
#     placed in the first 4GB address space. The Java Heap base address is the
#     maximum limit for the native heap growth. Please use -XX:HeapBaseMinAddress
#     to set the Java Heap base and to place the Java Heap above 4GB virtual address.
# This output file may be truncated or incomplete.
#
#  Out of Memory Error (arena.cpp:189), pid=12048, tid=6528
#
# JRE version: OpenJDK Runtime Environment Temurin-17.0.1+12 (17.0.1+12) (build 17.0.1+12)
# Java VM: OpenJDK 64-Bit Server VM Temurin-17.0.1+12 (17.0.1+12, mixed mode, tiered, compressed oops, compressed class ptrs, g1 gc, windows-amd64)
# No core dump will be written. Minidumps are not enabled by default on client versions of Windows
#

---------------  S U M M A R Y ------------

Command Line: -Dfile.encoding=UTF-8 -XX:+ShowCodeDetailsInExceptionMessages com.example.grocery.GroceryApplication

Host: Intel(R) Xeon(R) Gold 6254 CPU @ 3.10GHz, 4 cores, 7G,  Windows 10 , 64 bit Build 19041 (10.0.19041.4957)
Time: Fri Nov 15 10:55:28 2024 India Standard Time elapsed time: 140.067144 seconds (0d 0h 2m 20s)

---------------  T H R E A D  ---------------

Current thread (0x000001d3ff8211f0):  JavaThread "C2 CompilerThread0" daemon [_thread_in_native, id=6528, stack(0x00000053b6000000,0x00000053b6100000)]


Current CompileTask:
C2: 140067 6934       4       java.lang.invoke.LambdaForm$Name::replaceNames (175 bytes)

Stack: [0x00000053b6000000,0x00000053b6100000]
Native frames: (J=compiled Java code, j=interpreted, Vv=VM code, C=native code)
V  [jvm.dll+0x6744da]
V  [jvm.dll+0x82e144]
V  [jvm.dll+0x82f8ee]
V  [jvm.dll+0x82ff53]
V  [jvm.dll+0x245175]
V  [jvm.dll+0xab85b]
V  [jvm.dll+0xabdec]
V  [jvm.dll+0x2abf6f]
V  [jvm.dll+0x57b849]
V  [jvm.dll+0x22022d]
V  [jvm.dll+0x219b19]
V  [jvm.dll+0x217345]
V  [jvm.dll+0x1a355d]
V  [jvm.dll+0x226e38]
V  [jvm.dll+0x224f7c]
V  [jvm.dll+0x7e3f5b]
V  [jvm.dll+0x7de51a]
V  [jvm.dll+0x673305]
C  [ucrtbase.dll+0x21bb2]
C  [KERNEL32.DLL+0x17374]
C  [ntdll.dll+0x4cc91]


---------------  P R O C E S S  ---------------

Threads class SMR info:
_java_thread_list=0x000001d389163550, length=35, elements={
0x000001d3fec1dec0, 0x000001d3fec1f720, 0x000001d3fec7b050, 0x000001d3fec7ba00,
0x000001d3ff81a3d0, 0x000001d3ff81edf0, 0x000001d3ff8211f0, 0x000001d3ff8332e0,
0x000001d3ff8767d0, 0x000001d3ff992000, 0x000001d3ff9b5bc0, 0x000001d38654a110,
0x000001d38a66e020, 0x000001d38909ee40, 0x000001d3890a0180, 0x000001d3890a0650,
0x000001d3890a0ff0, 0x000001d3890a0b20, 0x000001d3890a1990, 0x000001d38909fcb0,
0x000001d38909f310, 0x000001d38aec9a80, 0x000001d38aec5bf0, 0x000001d38aec4d80,
0x000001d38aec30a0, 0x000001d38aec6590, 0x000001d38aec60c0, 0x000001d38aec6a60,
0x000001d38aec90e0, 0x000001d38aec3570, 0x000001d38aec5250, 0x000001d38aec6f30,
0x000001d38aec3a40, 0x000001d38aec5720, 0x000001d38aec3f10
}

Java Threads: ( => current thread )
  0x000001d3fec1dec0 JavaThread "Reference Handler" daemon [_thread_blocked, id=11696, stack(0x00000053b5a00000,0x00000053b5b00000)]
  0x000001d3fec1f720 JavaThread "Finalizer" daemon [_thread_blocked, id=13348, stack(0x00000053b5b00000,0x00000053b5c00000)]
  0x000001d3fec7b050 JavaThread "Signal Dispatcher" daemon [_thread_blocked, id=3052, stack(0x00000053b5c00000,0x00000053b5d00000)]
  0x000001d3fec7ba00 JavaThread "Attach Listener" daemon [_thread_blocked, id=12448, stack(0x00000053b5d00000,0x00000053b5e00000)]
  0x000001d3ff81a3d0 JavaThread "Service Thread" daemon [_thread_blocked, id=4552, stack(0x00000053b5e00000,0x00000053b5f00000)]
  0x000001d3ff81edf0 JavaThread "Monitor Deflation Thread" daemon [_thread_blocked, id=11224, stack(0x00000053b5f00000,0x00000053b6000000)]
=>0x000001d3ff8211f0 JavaThread "C2 CompilerThread0" daemon [_thread_in_native, id=6528, stack(0x00000053b6000000,0x00000053b6100000)]
  0x000001d3ff8332e0 JavaThread "C1 CompilerThread0" daemon [_thread_blocked, id=5844, stack(0x00000053b6100000,0x00000053b6200000)]
  0x000001d3ff8767d0 JavaThread "Sweeper thread" daemon [_thread_blocked, id=10564, stack(0x00000053b6200000,0x00000053b6300000)]
  0x000001d3ff992000 JavaThread "Notification Thread" daemon [_thread_blocked, id=9332, stack(0x00000053b6300000,0x00000053b6400000)]
  0x000001d3ff9b5bc0 JavaThread "Common-Cleaner" daemon [_thread_blocked, id=6580, stack(0x00000053b6500000,0x00000053b6600000)]
  0x000001d38654a110 JavaThread "H2 File Lock Watchdog C:/Users/2787115/test5.lock.db" daemon [_thread_blocked, id=13456, stack(0x00000053b6600000,0x00000053b6700000)]
  0x000001d38a66e020 JavaThread "H2 TCP Server (tcp://10.51.234.27:51841)" daemon [_thread_in_native, id=8704, stack(0x00000053b6f00000,0x00000053b7000000)]
  0x000001d38909ee40 JavaThread "MVStore background writer C:/Users/2787115/test5.mv.db" daemon [_thread_blocked, id=12936, stack(0x00000053b7000000,0x00000053b7100000)]
  0x000001d3890a0180 JavaThread "HikariPool-1 housekeeper" daemon [_thread_blocked, id=5340, stack(0x00000053b7100000,0x00000053b7200000)]
  0x000001d3890a0650 JavaThread "Catalina-utility-1" [_thread_blocked, id=828, stack(0x00000053b7300000,0x00000053b7400000)]
  0x000001d3890a0ff0 JavaThread "Catalina-utility-2" [_thread_blocked, id=10948, stack(0x00000053b7400000,0x00000053b7500000)]
  0x000001d3890a0b20 JavaThread "container-0" [_thread_blocked, id=13000, stack(0x00000053b7500000,0x00000053b7600000)]
  0x000001d3890a1990 JavaThread "H2-serialization" daemon [_thread_blocked, id=12808, stack(0x00000053b7700000,0x00000053b7800000)]
  0x000001d38909fcb0 JavaThread "H2-save" daemon [_thread_blocked, id=3972, stack(0x00000053b7800000,0x00000053b7900000)]
  0x000001d38909f310 JavaThread "File Watcher" daemon [_thread_in_native, id=11724, stack(0x00000053b7900000,0x00000053b7a00000)]
  0x000001d38aec9a80 JavaThread "Live Reload Server" daemon [_thread_in_native, id=4108, stack(0x00000053b7b00000,0x00000053b7c00000)]
  0x000001d38aec5bf0 JavaThread "http-nio-8070-exec-1" daemon [_thread_in_Java, id=12192, stack(0x00000053b7a00000,0x00000053b7b00000)]
  0x000001d38aec4d80 JavaThread "http-nio-8070-exec-2" daemon [_thread_blocked, id=1528, stack(0x00000053b7c00000,0x00000053b7d00000)]
  0x000001d38aec30a0 JavaThread "http-nio-8070-exec-3" daemon [_thread_blocked, id=13800, stack(0x00000053b7d00000,0x00000053b7e00000)]
  0x000001d38aec6590 JavaThread "http-nio-8070-exec-4" daemon [_thread_blocked, id=1384, stack(0x00000053b7e00000,0x00000053b7f00000)]
  0x000001d38aec60c0 JavaThread "http-nio-8070-exec-5" daemon [_thread_blocked, id=10168, stack(0x00000053b7f00000,0x00000053b8000000)]
  0x000001d38aec6a60 JavaThread "http-nio-8070-exec-6" daemon [_thread_blocked, id=9692, stack(0x00000053b8000000,0x00000053b8100000)]
  0x000001d38aec90e0 JavaThread "http-nio-8070-exec-7" daemon [_thread_blocked, id=6600, stack(0x00000053b8100000,0x00000053b8200000)]
  0x000001d38aec3570 JavaThread "http-nio-8070-exec-8" daemon [_thread_blocked, id=11540, stack(0x00000053b8200000,0x00000053b8300000)]
  0x000001d38aec5250 JavaThread "http-nio-8070-exec-9" daemon [_thread_blocked, id=14032, stack(0x00000053b8300000,0x00000053b8400000)]
  0x000001d38aec6f30 JavaThread "http-nio-8070-exec-10" daemon [_thread_blocked, id=4272, stack(0x00000053b8400000,0x00000053b8500000)]
  0x000001d38aec3a40 JavaThread "http-nio-8070-Poller" daemon [_thread_in_native, id=9848, stack(0x00000053b8500000,0x00000053b8600000)]
  0x000001d38aec5720 JavaThread "http-nio-8070-Acceptor" daemon [_thread_in_native, id=13560, stack(0x00000053b8600000,0x00000053b8700000)]
  0x000001d38aec3f10 JavaThread "DestroyJavaVM" [_thread_blocked, id=5640, stack(0x00000053b5300000,0x00000053b5400000)]

Other Threads:
  0x000001d3fec49550 VMThread "VM Thread" [stack: 0x00000053b5900000,0x00000053b5a00000] [id=1076]
  0x000001d3ff9924d0 WatcherThread [stack: 0x00000053b6400000,0x00000053b6500000] [id=1716]
  0x000001d3ead12de0 GCTaskThread "GC Thread#0" [stack: 0x00000053b5400000,0x00000053b5500000] [id=12208]
  0x000001d38659a840 GCTaskThread "GC Thread#1" [stack: 0x00000053b6700000,0x00000053b6800000] [id=1424]
  0x000001d3864b7ab0 GCTaskThread "GC Thread#2" [stack: 0x00000053b6800000,0x00000053b6900000] [id=8728]
  0x000001d3867a67a0 GCTaskThread "GC Thread#3" [stack: 0x00000053b6900000,0x00000053b6a00000] [id=11124]
  0x000001d3ead23d20 ConcurrentGCThread "G1 Main Marker" [stack: 0x00000053b5500000,0x00000053b5600000] [id=11192]
  0x000001d3ead24730 ConcurrentGCThread "G1 Conc#0" [stack: 0x00000053b5600000,0x00000053b5700000] [id=5392]
  0x000001d3fea90090 ConcurrentGCThread "G1 Refine#0" [stack: 0x00000053b5700000,0x00000053b5800000] [id=9184]
  0x000001d3894f2d70 ConcurrentGCThread "G1 Refine#1" [stack: 0x00000053b6c00000,0x00000053b6d00000] [id=10460]
  0x000001d3894f4470 ConcurrentGCThread "G1 Refine#2" [stack: 0x00000053b6d00000,0x00000053b6e00000] [id=11840]
  0x000001d3fea90ab0 ConcurrentGCThread "G1 Service" [stack: 0x00000053b5800000,0x00000053b5900000] [id=14144]

Threads with active compile tasks:
C2 CompilerThread0   140123 6934       4       java.lang.invoke.LambdaForm$Name::replaceNames (175 bytes)

VM state: not at safepoint (normal execution)

VM Mutex/Monitor currently owned by a thread:  ([mutex/lock_event])
[0x000001d3eaccffe0] Module_lock - owner thread: 0x0000000000000000

Heap address: 0x0000000080000000, size: 2048 MB, Compressed Oops mode: 32-bit

CDS archive(s) not mapped
Compressed class space mapped at: 0x0000000100000000-0x0000000140000000, reserved size: 1073741824
Narrow klass base: 0x0000000000000000, Narrow klass shift: 3, Narrow klass range: 0x140000000

GC Precious Log:
 CPUs: 4 total, 4 available
 Memory: 8191M
 Large Page Support: Disabled
 NUMA Support: Disabled
 Compressed Oops: Enabled (32-bit)
 Heap Region Size: 1M
 Heap Min Capacity: 8M
 Heap Initial Capacity: 128M
 Heap Max Capacity: 2G
 Pre-touch: Disabled
 Parallel Workers: 4
 Concurrent Workers: 1
 Concurrent Refinement Workers: 4
 Periodic GC: Disabled

Heap:
 garbage-first heap   total 96256K, used 38345K [0x0000000080000000, 0x0000000100000000)
  region size 1024K, 8 young (8192K), 4 survivors (4096K)
 Metaspace       used 81966K, committed 82624K, reserved 1122304K
  class space    used 10755K, committed 11072K, reserved 1048576K

Heap Regions: E=young(eden), S=young(survivor), O=old, HS=humongous(starts), HC=humongous(continues), CS=collection set, F=free, OA=open archive, CA=closed archive, TAMS=top-at-mark-start (previous, next)
|   0|0x0000000080000000, 0x0000000080100000, 0x0000000080100000|100%|HS|  |TAMS 0x0000000080100000, 0x0000000080000000| Complete 
|   1|0x0000000080100000, 0x0000000080200000, 0x0000000080200000|100%| O|  |TAMS 0x0000000080200000, 0x0000000080100000| Untracked 
|   2|0x0000000080200000, 0x0000000080300000, 0x0000000080300000|100%| O|  |TAMS 0x0000000080300000, 0x0000000080200000| Untracked 
|   3|0x0000000080300000, 0x0000000080400000, 0x0000000080400000|100%| O|  |TAMS 0x0000000080400000, 0x0000000080300000| Untracked 
|   4|0x0000000080400000, 0x0000000080500000, 0x0000000080500000|100%| O|  |TAMS 0x0000000080500000, 0x0000000080400000| Untracked 
|   5|0x0000000080500000, 0x0000000080600000, 0x0000000080600000|100%| O|  |TAMS 0x0000000080600000, 0x0000000080500000| Untracked 
|   6|0x0000000080600000, 0x0000000080700000, 0x0000000080700000|100%| O|  |TAMS 0x0000000080700000, 0x0000000080600000| Untracked 
|   7|0x0000000080700000, 0x0000000080800000, 0x0000000080800000|100%| O|  |TAMS 0x0000000080800000, 0x0000000080700000| Untracked 
|   8|0x0000000080800000, 0x0000000080900000, 0x0000000080900000|100%| O|  |TAMS 0x0000000080900000, 0x0000000080800000| Untracked 
|   9|0x0000000080900000, 0x0000000080a00000, 0x0000000080a00000|100%| O|  |TAMS 0x0000000080a00000, 0x0000000080900000| Untracked 
|  10|0x0000000080a00000, 0x0000000080b00000, 0x0000000080b00000|100%|HS|  |TAMS 0x0000000080b00000, 0x0000000080a00000| Complete 
|  11|0x0000000080b00000, 0x0000000080c00000, 0x0000000080c00000|100%|HC|  |TAMS 0x0000000080c00000, 0x0000000080b00000| Complete 
|  12|0x0000000080c00000, 0x0000000080d00000, 0x0000000080d00000|100%| O|  |TAMS 0x0000000080d00000, 0x0000000080c00000| Untracked 
|  13|0x0000000080d00000, 0x0000000080e00000, 0x0000000080e00000|100%| O|  |TAMS 0x0000000080e00000, 0x0000000080d00000| Untracked 
|  14|0x0000000080e00000, 0x0000000080f00000, 0x0000000080f00000|100%| O|  |TAMS 0x0000000080f00000, 0x0000000080e00000| Untracked 
|  15|0x0000000080f00000, 0x0000000081000000, 0x0000000081000000|100%| O|  |TAMS 0x0000000081000000, 0x0000000080f00000| Untracked 
|  16|0x0000000081000000, 0x00000000810ec200, 0x0000000081100000| 92%| O|  |TAMS 0x00000000810ec200, 0x0000000081000000| Untracked 
|  17|0x0000000081100000, 0x0000000081200000, 0x0000000081200000|100%| O|  |TAMS 0x0000000081200000, 0x0000000081100000| Untracked 
|  18|0x0000000081200000, 0x0000000081300000, 0x0000000081300000|100%| O|  |TAMS 0x0000000081300000, 0x0000000081200000| Untracked 
|  19|0x0000000081300000, 0x0000000081400000, 0x0000000081400000|100%| O|  |TAMS 0x0000000081400000, 0x0000000081300000| Untracked 
|  20|0x0000000081400000, 0x0000000081500000, 0x0000000081500000|100%| O|  |TAMS 0x0000000081400000, 0x0000000081400000| Untracked 
|  21|0x0000000081500000, 0x0000000081600000, 0x0000000081600000|100%| O|  |TAMS 0x0000000081600000, 0x0000000081500000| Untracked 
|  22|0x0000000081600000, 0x0000000081700000, 0x0000000081700000|100%| O|  |TAMS 0x0000000081700000, 0x0000000081600000| Untracked 
|  23|0x0000000081700000, 0x0000000081800000, 0x0000000081800000|100%| O|  |TAMS 0x0000000081800000, 0x0000000081700000| Untracked 
|  24|0x0000000081800000, 0x0000000081900000, 0x0000000081900000|100%| O|  |TAMS 0x0000000081900000, 0x0000000081800000| Untracked 
|  25|0x0000000081900000, 0x0000000081a00000, 0x0000000081a00000|100%| O|  |TAMS 0x0000000081a00000, 0x0000000081900000| Untracked 
|  26|0x0000000081a00000, 0x0000000081b00000, 0x0000000081b00000|100%| O|  |TAMS 0x0000000081b00000, 0x0000000081a00000| Untracked 
|  27|0x0000000081b00000, 0x0000000081c00000, 0x0000000081c00000|100%| O|  |TAMS 0x0000000081c00000, 0x0000000081b00000| Untracked 
|  28|0x0000000081c00000, 0x0000000081d00000, 0x0000000081d00000|100%| O|  |TAMS 0x0000000081d00000, 0x0000000081c00000| Untracked 
|  29|0x0000000081d00000, 0x0000000081e00000, 0x0000000081e00000|100%| O|  |TAMS 0x0000000081d00000, 0x0000000081d00000| Untracked 
|  30|0x0000000081e00000, 0x0000000081f00000, 0x0000000081f00000|100%| O|  |TAMS 0x0000000081e00000, 0x0000000081e00000| Untracked 
|  31|0x0000000081f00000, 0x0000000081fc5c00, 0x0000000082000000| 77%| O|  |TAMS 0x0000000081f00000, 0x0000000081f00000| Untracked 
|  32|0x0000000082000000, 0x0000000082000000, 0x0000000082100000|  0%| F|  |TAMS 0x0000000082000000, 0x0000000082000000| Untracked 
|  33|0x0000000082100000, 0x0000000082100000, 0x0000000082200000|  0%| F|  |TAMS 0x0000000082100000, 0x0000000082100000| Untracked 
|  34|0x0000000082200000, 0x0000000082200000, 0x0000000082300000|  0%| F|  |TAMS 0x0000000082200000, 0x0000000082200000| Untracked 
|  35|0x0000000082300000, 0x0000000082300000, 0x0000000082400000|  0%| F|  |TAMS 0x0000000082300000, 0x0000000082300000| Untracked 
|  36|0x0000000082400000, 0x0000000082400000, 0x0000000082500000|  0%| F|  |TAMS 0x0000000082400000, 0x0000000082400000| Untracked 
|  37|0x0000000082500000, 0x0000000082500000, 0x0000000082600000|  0%| F|  |TAMS 0x0000000082500000, 0x0000000082500000| Untracked 
|  38|0x0000000082600000, 0x0000000082600000, 0x0000000082700000|  0%| F|  |TAMS 0x0000000082600000, 0x0000000082600000| Untracked 
|  39|0x0000000082700000, 0x0000000082700000, 0x0000000082800000|  0%| F|  |TAMS 0x0000000082700000, 0x0000000082700000| Untracked 
|  40|0x0000000082800000, 0x0000000082800000, 0x0000000082900000|  0%| F|  |TAMS 0x0000000082800000, 0x0000000082800000| Untracked 
|  41|0x0000000082900000, 0x0000000082900000, 0x0000000082a00000|  0%| F|  |TAMS 0x0000000082900000, 0x0000000082900000| Untracked 
|  42|0x0000000082a00000, 0x0000000082a00000, 0x0000000082b00000|  0%| F|  |TAMS 0x0000000082a00000, 0x0000000082a00000| Untracked 
|  43|0x0000000082b00000, 0x0000000082b00000, 0x0000000082c00000|  0%| F|  |TAMS 0x0000000082b00000, 0x0000000082b00000| Untracked 
|  44|0x0000000082c00000, 0x0000000082c00000, 0x0000000082d00000|  0%| F|  |TAMS 0x0000000082c00000, 0x0000000082c00000| Untracked 
|  45|0x0000000082d00000, 0x0000000082d00000, 0x0000000082e00000|  0%| F|  |TAMS 0x0000000082d00000, 0x0000000082d00000| Untracked 
|  46|0x0000000082e00000, 0x0000000082ec08f0, 0x0000000082f00000| 75%| S|CS|TAMS 0x0000000082e00000, 0x0000000082e00000| Complete 
|  47|0x0000000082f00000, 0x0000000083000000, 0x0000000083000000|100%| S|CS|TAMS 0x0000000082f00000, 0x0000000082f00000| Complete 
|  48|0x0000000083000000, 0x0000000083100000, 0x0000000083100000|100%| S|CS|TAMS 0x0000000083000000, 0x0000000083000000| Complete 
|  49|0x0000000083100000, 0x0000000083200000, 0x0000000083200000|100%| S|CS|TAMS 0x0000000083100000, 0x0000000083100000| Complete 
|  50|0x0000000083200000, 0x0000000083200000, 0x0000000083300000|  0%| F|  |TAMS 0x0000000083200000, 0x0000000083200000| Untracked 
|  51|0x0000000083300000, 0x0000000083300000, 0x0000000083400000|  0%| F|  |TAMS 0x0000000083300000, 0x0000000083300000| Untracked 
|  52|0x0000000083400000, 0x0000000083400000, 0x0000000083500000|  0%| F|  |TAMS 0x0000000083400000, 0x0000000083400000| Untracked 
|  53|0x0000000083500000, 0x0000000083500000, 0x0000000083600000|  0%| F|  |TAMS 0x0000000083500000, 0x0000000083500000| Untracked 
|  54|0x0000000083600000, 0x0000000083600000, 0x0000000083700000|  0%| F|  |TAMS 0x0000000083600000, 0x0000000083600000| Untracked 
|  55|0x0000000083700000, 0x0000000083700000, 0x0000000083800000|  0%| F|  |TAMS 0x0000000083700000, 0x0000000083700000| Untracked 
|  56|0x0000000083800000, 0x0000000083800000, 0x0000000083900000|  0%| F|  |TAMS 0x0000000083800000, 0x0000000083800000| Untracked 
|  57|0x0000000083900000, 0x0000000083900000, 0x0000000083a00000|  0%| F|  |TAMS 0x0000000083900000, 0x0000000083900000| Untracked 
|  58|0x0000000083a00000, 0x0000000083a00000, 0x0000000083b00000|  0%| F|  |TAMS 0x0000000083a00000, 0x0000000083a00000| Untracked 
|  59|0x0000000083b00000, 0x0000000083b00000, 0x0000000083c00000|  0%| F|  |TAMS 0x0000000083b00000, 0x0000000083b00000| Untracked 
|  60|0x0000000083c00000, 0x0000000083c00000, 0x0000000083d00000|  0%| F|  |TAMS 0x0000000083c00000, 0x0000000083c00000| Untracked 
|  61|0x0000000083d00000, 0x0000000083d00000, 0x0000000083e00000|  0%| F|  |TAMS 0x0000000083d00000, 0x0000000083d00000| Untracked 
|  62|0x0000000083e00000, 0x0000000083e00000, 0x0000000083f00000|  0%| F|  |TAMS 0x0000000083e00000, 0x0000000083e00000| Untracked 
|  63|0x0000000083f00000, 0x0000000083f00000, 0x0000000084000000|  0%| F|  |TAMS 0x0000000083f00000, 0x0000000083f00000| Untracked 
|  64|0x0000000084000000, 0x0000000084000000, 0x0000000084100000|  0%| F|  |TAMS 0x0000000084000000, 0x0000000084000000| Untracked 
|  65|0x0000000084100000, 0x0000000084100000, 0x0000000084200000|  0%| F|  |TAMS 0x0000000084100000, 0x0000000084100000| Untracked 
|  66|0x0000000084200000, 0x0000000084200000, 0x0000000084300000|  0%| F|  |TAMS 0x0000000084200000, 0x0000000084200000| Untracked 
|  67|0x0000000084300000, 0x0000000084300000, 0x0000000084400000|  0%| F|  |TAMS 0x0000000084300000, 0x0000000084300000| Untracked 
|  68|0x0000000084400000, 0x0000000084400000, 0x0000000084500000|  0%| F|  |TAMS 0x0000000084400000, 0x0000000084400000| Untracked 
|  69|0x0000000084500000, 0x0000000084500000, 0x0000000084600000|  0%| F|  |TAMS 0x0000000084500000, 0x0000000084500000| Untracked 
|  70|0x0000000084600000, 0x0000000084600000, 0x0000000084700000|  0%| F|  |TAMS 0x0000000084600000, 0x0000000084600000| Untracked 
|  71|0x0000000084700000, 0x0000000084700000, 0x0000000084800000|  0%| F|  |TAMS 0x0000000084700000, 0x0000000084700000| Untracked 
|  72|0x0000000084800000, 0x0000000084800000, 0x0000000084900000|  0%| F|  |TAMS 0x0000000084800000, 0x0000000084800000| Untracked 
|  73|0x0000000084900000, 0x0000000084900000, 0x0000000084a00000|  0%| F|  |TAMS 0x0000000084900000, 0x0000000084900000| Untracked 
|  74|0x0000000084a00000, 0x0000000084a00000, 0x0000000084b00000|  0%| F|  |TAMS 0x0000000084a00000, 0x0000000084a00000| Untracked 
|  75|0x0000000084b00000, 0x0000000084b00000, 0x0000000084c00000|  0%| F|  |TAMS 0x0000000084b00000, 0x0000000084b00000| Untracked 
|  76|0x0000000084c00000, 0x0000000084c00000, 0x0000000084d00000|  0%| F|  |TAMS 0x0000000084c00000, 0x0000000084c00000| Untracked 
|  77|0x0000000084d00000, 0x0000000084d00000, 0x0000000084e00000|  0%| F|  |TAMS 0x0000000084d00000, 0x0000000084d00000| Untracked 
|  78|0x0000000084e00000, 0x0000000084e00000, 0x0000000084f00000|  0%| F|  |TAMS 0x0000000084e00000, 0x0000000084e00000| Untracked 
|  79|0x0000000084f00000, 0x0000000084f00000, 0x0000000085000000|  0%| F|  |TAMS 0x0000000084f00000, 0x0000000084f00000| Untracked 
|  80|0x0000000085000000, 0x0000000085000000, 0x0000000085100000|  0%| F|  |TAMS 0x0000000085000000, 0x0000000085000000| Untracked 
|  81|0x0000000085100000, 0x0000000085100000, 0x0000000085200000|  0%| F|  |TAMS 0x0000000085100000, 0x0000000085100000| Untracked 
|  82|0x0000000085200000, 0x0000000085200000, 0x0000000085300000|  0%| F|  |TAMS 0x0000000085200000, 0x0000000085200000| Untracked 
|  83|0x0000000085300000, 0x0000000085300000, 0x0000000085400000|  0%| F|  |TAMS 0x0000000085300000, 0x0000000085300000| Untracked 
|  84|0x0000000085400000, 0x0000000085400000, 0x0000000085500000|  0%| F|  |TAMS 0x0000000085400000, 0x0000000085400000| Untracked 
|  85|0x0000000085500000, 0x0000000085500000, 0x0000000085600000|  0%| F|  |TAMS 0x0000000085500000, 0x0000000085500000| Untracked 
|  86|0x0000000085600000, 0x0000000085600000, 0x0000000085700000|  0%| F|  |TAMS 0x0000000085600000, 0x0000000085600000| Untracked 
|  87|0x0000000085700000, 0x0000000085700000, 0x0000000085800000|  0%| F|  |TAMS 0x0000000085700000, 0x0000000085700000| Untracked 
|  88|0x0000000085800000, 0x0000000085800000, 0x0000000085900000|  0%| F|  |TAMS 0x0000000085800000, 0x0000000085800000| Untracked 
|  89|0x0000000085900000, 0x0000000085900000, 0x0000000085a00000|  0%| F|  |TAMS 0x0000000085900000, 0x0000000085900000| Untracked 
|  90|0x0000000085a00000, 0x0000000085aac128, 0x0000000085b00000| 67%| E|  |TAMS 0x0000000085a00000, 0x0000000085a00000| Complete 
|  91|0x0000000085b00000, 0x0000000085c00000, 0x0000000085c00000|100%| E|CS|TAMS 0x0000000085b00000, 0x0000000085b00000| Complete 
| 190|0x000000008be00000, 0x000000008bf00000, 0x000000008bf00000|100%| E|CS|TAMS 0x000000008be00000, 0x000000008be00000| Complete 
| 191|0x000000008bf00000, 0x000000008c000000, 0x000000008c000000|100%| E|  |TAMS 0x000000008bf00000, 0x000000008bf00000| Complete 

Card table byte_map: [0x000001d3fde40000,0x000001d3fe240000] _byte_map_base: 0x000001d3fda40000

Marking Bits (Prev, Next): (CMBitMap*) 0x000001d3ead133f0, (CMBitMap*) 0x000001d3ead13430
 Prev Bits: [0x000001d380000000, 0x000001d382000000)
 Next Bits: [0x000001d382000000, 0x000001d384000000)

Polling page: 0x000001d3e93c0000

Metaspace:

Usage:
  Non-class:     69.55 MB used.
      Class:     10.50 MB used.
       Both:     80.06 MB used.

Virtual space:
  Non-class space:       72.00 MB reserved,      69.88 MB ( 97%) committed,  9 nodes.
      Class space:        1.00 GB reserved,      10.81 MB (  1%) committed,  1 nodes.
             Both:        1.07 GB reserved,      80.69 MB (  7%) committed. 

Chunk freelists:
   Non-Class:  1.53 MB
       Class:  1.23 MB
        Both:  2.77 MB

MaxMetaspaceSize: unlimited
CompressedClassSpaceSize: 1.00 GB
Initial GC threshold: 21.00 MB
Current GC threshold: 125.75 MB
CDS: off
MetaspaceReclaimPolicy: balanced
 - commit_granule_bytes: 65536.
 - commit_granule_words: 8192.
 - virtual_space_node_default_size: 1048576.
 - enlarge_chunks_in_place: 1.
 - new_chunks_are_fully_committed: 0.
 - uncommit_free_chunks: 1.
 - use_allocation_guard: 0.
 - handle_deallocations: 1.


Internal statistics:

num_allocs_failed_limit: 12.
num_arena_births: 820.
num_arena_deaths: 0.
num_vsnodes_births: 10.
num_vsnodes_deaths: 0.
num_space_committed: 1291.
num_space_uncommitted: 0.
num_chunks_returned_to_freelist: 12.
num_chunks_taken_from_freelist: 3500.
num_chunk_merges: 12.
num_chunk_splits: 2554.
num_chunks_enlarged: 2035.
num_purges: 0.
num_inconsistent_stats: 0.

CodeHeap 'non-profiled nmethods': size=120000Kb used=3869Kb max_used=3869Kb free=116130Kb
 bounds [0x000001d3f5ef0000, 0x000001d3f62c0000, 0x000001d3fd420000]
CodeHeap 'profiled nmethods': size=120000Kb used=11754Kb max_used=11754Kb free=108245Kb
 bounds [0x000001d3ee9c0000, 0x000001d3ef540000, 0x000001d3f5ef0000]
CodeHeap 'non-nmethods': size=5760Kb used=1380Kb max_used=1457Kb free=4379Kb
 bounds [0x000001d3ee420000, 0x000001d3ee690000, 0x000001d3ee9c0000]
 total_blobs=6915 nmethods=6205 adapters=621
 compilation: enabled
              stopped_count=0, restarted_count=0
 full_count=0

Compilation events (20 events):
Event: 139.733 Thread 0x000001d3ff8332e0 nmethod 6927 0x000001d3ef524390 code [0x000001d3ef524540, 0x000001d3ef524778]
Event: 139.733 Thread 0x000001d3ff8332e0 6928       3       java.nio.MappedByteBuffer::rewind (7 bytes)
Event: 139.734 Thread 0x000001d3ff8332e0 nmethod 6928 0x000001d3ef524890 code [0x000001d3ef524a40, 0x000001d3ef524c18]
Event: 140.010 Thread 0x000001d3ff8211f0 6929       4       java.util.Collections$UnmodifiableCollection::contains (11 bytes)
Event: 140.011 Thread 0x000001d3ff8211f0 nmethod 6929 0x000001d3f62b6d10 code [0x000001d3f62b6e80, 0x000001d3f62b6f18]
Event: 140.011 Thread 0x000001d3ff8332e0 6930   !   3       sun.nio.ch.SelectorImpl::processDeregisterQueue (145 bytes)
Event: 140.011 Thread 0x000001d3ff8332e0 nmethod 6930 0x000001d3ef524d10 code [0x000001d3ef524fa0, 0x000001d3ef525d38]
Event: 140.011 Thread 0x000001d3ff8332e0 6931   !   3       org.apache.tomcat.util.net.NioEndpoint$Poller::events (266 bytes)
Event: 140.013 Thread 0x000001d3ff8332e0 nmethod 6931 0x000001d3ef526390 code [0x000001d3ef526700, 0x000001d3ef527e68]
Event: 140.013 Thread 0x000001d3ff8332e0 6932  s    3       org.apache.tomcat.util.collections.SynchronizedQueue::size (23 bytes)
Event: 140.013 Thread 0x000001d3ff8332e0 nmethod 6932 0x000001d3ef528790 code [0x000001d3ef528920, 0x000001d3ef528b38]
Event: 140.013 Thread 0x000001d3ff8332e0 6933       3       sun.nio.ch.SelectorImpl::ensureOpen (16 bytes)
Event: 140.013 Thread 0x000001d3ff8332e0 nmethod 6933 0x000001d3ef528c10 code [0x000001d3ef528dc0, 0x000001d3ef529048]
Event: 140.052 Thread 0x000001d3ff8211f0 6934       4       java.lang.invoke.LambdaForm$Name::replaceNames (175 bytes)
Event: 140.052 Thread 0x000001d3ff8332e0 6935       3       java.lang.invoke.LambdaFormBuffer::indexOf (25 bytes)
Event: 140.052 Thread 0x000001d3ff8332e0 nmethod 6935 0x000001d3ef529110 code [0x000001d3ef5292c0, 0x000001d3ef5294d8]
Event: 140.055 Thread 0x000001d3ff8332e0 6938       3       java.nio.HeapByteBuffer::put (17 bytes)
Event: 140.056 Thread 0x000001d3ff8332e0 nmethod 6938 0x000001d3ef529610 code [0x000001d3ef5297c0, 0x000001d3ef529998]
Event: 140.056 Thread 0x000001d3ff8332e0 6939   !   3       org.apache.tomcat.util.http.parser.HttpParser::isControl (9 bytes)
Event: 140.056 Thread 0x000001d3ff8332e0 nmethod 6939 0x000001d3ef529b10 code [0x000001d3ef529ca0, 0x000001d3ef529e18]

GC Heap History (20 events):
Event: 3.019 GC heap before
{Heap before GC invocations=13 (full 0):
 garbage-first heap   total 144384K, used 25650K [0x0000000080000000, 0x0000000100000000)
  region size 1024K, 16 young (16384K), 6 survivors (6144K)
 Metaspace       used 35600K, committed 35968K, reserved 1081344K
  class space    used 4194K, committed 4352K, reserved 1048576K
}
Event: 3.025 GC heap after
{Heap after GC invocations=14 (full 0):
 garbage-first heap   total 144384K, used 17452K [0x0000000080000000, 0x0000000100000000)
  region size 1024K, 7 young (7168K), 7 survivors (7168K)
 Metaspace       used 35600K, committed 35968K, reserved 1081344K
  class space    used 4194K, committed 4352K, reserved 1048576K
}
Event: 3.226 GC heap before
{Heap before GC invocations=15 (full 0):
 garbage-first heap   total 65536K, used 55340K [0x0000000080000000, 0x0000000100000000)
  region size 1024K, 46 young (47104K), 7 survivors (7168K)
 Metaspace       used 37546K, committed 37888K, reserved 1089536K
  class space    used 4404K, committed 4544K, reserved 1048576K
}
Event: 3.230 GC heap after
{Heap after GC invocations=16 (full 0):
 garbage-first heap   total 66560K, used 18631K [0x0000000080000000, 0x0000000100000000)
  region size 1024K, 3 young (3072K), 3 survivors (3072K)
 Metaspace       used 37546K, committed 37888K, reserved 1089536K
  class space    used 4404K, committed 4544K, reserved 1048576K
}
Event: 3.231 GC heap before
{Heap before GC invocations=16 (full 0):
 garbage-first heap   total 66560K, used 20679K [0x0000000080000000, 0x0000000100000000)
  region size 1024K, 6 young (6144K), 3 survivors (3072K)
 Metaspace       used 37546K, committed 37888K, reserved 1089536K
  class space    used 4404K, committed 4544K, reserved 1048576K
}
Event: 3.235 GC heap after
{Heap after GC invocations=17 (full 0):
 garbage-first heap   total 66560K, used 17899K [0x0000000080000000, 0x0000000100000000)
  region size 1024K, 1 young (1024K), 1 survivors (1024K)
 Metaspace       used 37546K, committed 37888K, reserved 1089536K
  class space    used 4404K, committed 4544K, reserved 1048576K
}
Event: 3.242 GC heap before
{Heap before GC invocations=17 (full 0):
 garbage-first heap   total 66560K, used 51691K [0x0000000080000000, 0x0000000100000000)
  region size 1024K, 35 young (35840K), 1 survivors (1024K)
 Metaspace       used 37546K, committed 37888K, reserved 1089536K
  class space    used 4404K, committed 4544K, reserved 1048576K
}
Event: 3.243 GC heap after
{Heap after GC invocations=18 (full 0):
 garbage-first heap   total 66560K, used 17926K [0x0000000080000000, 0x0000000100000000)
  region size 1024K, 1 young (1024K), 1 survivors (1024K)
 Metaspace       used 37546K, committed 37888K, reserved 1089536K
  class space    used 4404K, committed 4544K, reserved 1048576K
}
Event: 3.250 GC heap before
{Heap before GC invocations=18 (full 0):
 garbage-first heap   total 66560K, used 52742K [0x0000000080000000, 0x0000000100000000)
  region size 1024K, 36 young (36864K), 1 survivors (1024K)
 Metaspace       used 37546K, committed 37888K, reserved 1089536K
  class space    used 4404K, committed 4544K, reserved 1048576K
}
Event: 3.251 GC heap after
{Heap after GC invocations=19 (full 0):
 garbage-first heap   total 196608K, used 17948K [0x0000000080000000, 0x0000000100000000)
  region size 1024K, 1 young (1024K), 1 survivors (1024K)
 Metaspace       used 37546K, committed 37888K, reserved 1089536K
  class space    used 4404K, committed 4544K, reserved 1048576K
}
Event: 8.988 GC heap before
{Heap before GC invocations=19 (full 0):
 garbage-first heap   total 196608K, used 132636K [0x0000000080000000, 0x0000000100000000)
  region size 1024K, 113 young (115712K), 1 survivors (1024K)
 Metaspace       used 59724K, committed 60160K, reserved 1105920K
  class space    used 7483K, committed 7680K, reserved 1048576K
}
Event: 8.999 GC heap after
{Heap after GC invocations=20 (full 0):
 garbage-first heap   total 196608K, used 25788K [0x0000000080000000, 0x0000000100000000)
  region size 1024K, 6 young (6144K), 6 survivors (6144K)
 Metaspace       used 59724K, committed 60160K, reserved 1105920K
  class space    used 7483K, committed 7680K, reserved 1048576K
}
Event: 9.920 GC heap before
{Heap before GC invocations=21 (full 0):
 garbage-first heap   total 96256K, used 76988K [0x0000000080000000, 0x0000000100000000)
  region size 1024K, 56 young (57344K), 6 survivors (6144K)
 Metaspace       used 70447K, committed 71040K, reserved 1114112K
  class space    used 9044K, committed 9344K, reserved 1048576K
}
Event: 9.929 GC heap after
{Heap after GC invocations=22 (full 0):
 garbage-first heap   total 96256K, used 29095K [0x0000000080000000, 0x0000000100000000)
  region size 1024K, 4 young (4096K), 4 survivors (4096K)
 Metaspace       used 70447K, committed 71040K, reserved 1114112K
  class space    used 9044K, committed 9344K, reserved 1048576K
}
Event: 9.977 GC heap before
{Heap before GC invocations=22 (full 0):
 garbage-first heap   total 96256K, used 32167K [0x0000000080000000, 0x0000000100000000)
  region size 1024K, 7 young (7168K), 4 survivors (4096K)
 Metaspace       used 70844K, committed 71424K, reserved 1114112K
  class space    used 9104K, committed 9408K, reserved 1048576K
}
Event: 9.981 GC heap after
{Heap after GC invocations=23 (full 0):
 garbage-first heap   total 96256K, used 29192K [0x0000000080000000, 0x0000000100000000)
  region size 1024K, 1 young (1024K), 1 survivors (1024K)
 Metaspace       used 70844K, committed 71424K, reserved 1114112K
  class space    used 9104K, committed 9408K, reserved 1048576K
}
Event: 10.480 GC heap before
{Heap before GC invocations=23 (full 0):
 garbage-first heap   total 96256K, used 77320K [0x0000000080000000, 0x0000000100000000)
  region size 1024K, 49 young (50176K), 1 survivors (1024K)
 Metaspace       used 76333K, committed 76928K, reserved 1122304K
  class space    used 10023K, committed 10304K, reserved 1048576K
}
Event: 10.485 GC heap after
{Heap after GC invocations=24 (full 0):
 garbage-first heap   total 96256K, used 32637K [0x0000000080000000, 0x0000000100000000)
  region size 1024K, 4 young (4096K), 4 survivors (4096K)
 Metaspace       used 76333K, committed 76928K, reserved 1122304K
  class space    used 10023K, committed 10304K, reserved 1048576K
}
Event: 140.024 GC heap before
{Heap before GC invocations=25 (full 0):
 garbage-first heap   total 96256K, used 77693K [0x0000000080000000, 0x0000000100000000)
  region size 1024K, 48 young (49152K), 4 survivors (4096K)
 Metaspace       used 81043K, committed 81664K, reserved 1122304K
  class space    used 10657K, committed 10944K, reserved 1048576K
}
Event: 140.033 GC heap after
{Heap after GC invocations=26 (full 0):
 garbage-first heap   total 96256K, used 36297K [0x0000000080000000, 0x0000000100000000)
  region size 1024K, 4 young (4096K), 4 survivors (4096K)
 Metaspace       used 81043K, committed 81664K, reserved 1122304K
  class space    used 10657K, committed 10944K, reserved 1048576K
}

Deoptimization events (20 events):
Event: 11.031 Thread 0x000001d386976d20 Uncommon trap: trap_request=0xffffff54 fr.pc=0x000001d3f5fa39f4 relative=0x0000000000000234
Event: 11.031 Thread 0x000001d386976d20 Uncommon trap: reason=speculate_null_assert action=make_not_entrant pc=0x000001d3f5fa39f4 method=org.springframework.util.ConcurrentReferenceHashMap$Segment.restructureIfNecessary(Z)V @ 41 c2
Event: 11.031 Thread 0x000001d386976d20 DEOPT PACKING pc=0x000001d3f5fa39f4 sp=0x00000053b6bfe040
Event: 11.031 Thread 0x000001d386976d20 DEOPT UNPACKING pc=0x000001d3ee475c23 sp=0x00000053b6bfe018 mode 2
Event: 11.052 Thread 0x000001d386976d20 Uncommon trap: trap_request=0xffffff45 fr.pc=0x000001d3f5fb5ad4 relative=0x0000000000000c14
Event: 11.052 Thread 0x000001d386976d20 Uncommon trap: reason=unstable_if action=reinterpret pc=0x000001d3f5fb5ad4 method=java.lang.Integer.stringSize(I)I @ 19 c2
Event: 11.052 Thread 0x000001d386976d20 DEOPT PACKING pc=0x000001d3f5fb5ad4 sp=0x00000053b6bfd5e0
Event: 11.052 Thread 0x000001d386976d20 DEOPT UNPACKING pc=0x000001d3ee475c23 sp=0x00000053b6bfd538 mode 2
Event: 11.055 Thread 0x000001d386976d20 Uncommon trap: trap_request=0xffffff45 fr.pc=0x000001d3f6102080 relative=0x0000000000001940
Event: 11.055 Thread 0x000001d386976d20 Uncommon trap: reason=unstable_if action=reinterpret pc=0x000001d3f6102080 method=java.lang.String.<init>([BIILjava/nio/charset/Charset;)V @ 18 c2
Event: 11.055 Thread 0x000001d386976d20 DEOPT PACKING pc=0x000001d3f6102080 sp=0x00000053b6bfd600
Event: 11.055 Thread 0x000001d386976d20 DEOPT UNPACKING pc=0x000001d3ee475c23 sp=0x00000053b6bfd5c0 mode 2
Event: 11.062 Thread 0x000001d386976d20 Uncommon trap: trap_request=0xffffff45 fr.pc=0x000001d3f5fa8da0 relative=0x0000000000000100
Event: 11.062 Thread 0x000001d386976d20 Uncommon trap: reason=unstable_if action=reinterpret pc=0x000001d3f5fa8da0 method=java.util.ArrayList.indexOfRange(Ljava/lang/Object;II)I @ 7 c2
Event: 11.062 Thread 0x000001d386976d20 DEOPT PACKING pc=0x000001d3f5fa8da0 sp=0x00000053b6bfdda0
Event: 11.062 Thread 0x000001d386976d20 DEOPT UNPACKING pc=0x000001d3ee475c23 sp=0x00000053b6bfdd20 mode 2
Event: 140.014 Thread 0x000001d38aec3a40 Uncommon trap: trap_request=0xffffffde fr.pc=0x000001d3f5f5621c relative=0x00000000000007bc
Event: 140.014 Thread 0x000001d38aec3a40 Uncommon trap: reason=class_check action=maybe_recompile pc=0x000001d3f5f5621c method=java.util.HashMap.putVal(ILjava/lang/Object;Ljava/lang/Object;ZZ)Ljava/lang/Object; @ 91 c2
Event: 140.014 Thread 0x000001d38aec3a40 DEOPT PACKING pc=0x000001d3f5f5621c sp=0x00000053b85ff2e0
Event: 140.014 Thread 0x000001d38aec3a40 DEOPT UNPACKING pc=0x000001d3ee475c23 sp=0x00000053b85ff270 mode 2

Classes unloaded (0 events):
No events

Classes redefined (0 events):
No events

Internal exceptions (20 events):
Event: 10.293 Thread 0x000001d386976d20 Exception <a 'java/lang/reflect/InvocationTargetException'{0x0000000084274448}> (0x0000000084274448) 
thrown [e:\jenkins\tmp\workspace\build\src\src\hotspot\share\runtime\reflection.cpp, line 1121]
Event: 10.317 Thread 0x000001d386976d20 Exception <a 'java/lang/reflect/InvocationTargetException'{0x0000000083f0fd58}> (0x0000000083f0fd58) 
thrown [e:\jenkins\tmp\workspace\build\src\src\hotspot\share\runtime\reflection.cpp, line 1121]
Event: 10.333 Thread 0x000001d386976d20 Exception <a 'java/lang/reflect/InvocationTargetException'{0x0000000083d29ab8}> (0x0000000083d29ab8) 
thrown [e:\jenkins\tmp\workspace\build\src\src\hotspot\share\runtime\reflection.cpp, line 1121]
Event: 10.342 Thread 0x000001d386976d20 Exception <a 'java/lang/reflect/InvocationTargetException'{0x0000000083c90788}> (0x0000000083c90788) 
thrown [e:\jenkins\tmp\workspace\build\src\src\hotspot\share\runtime\reflection.cpp, line 1121]
Event: 10.351 Thread 0x000001d386976d20 Exception <a 'java/lang/reflect/InvocationTargetException'{0x0000000083abbeb8}> (0x0000000083abbeb8) 
thrown [e:\jenkins\tmp\workspace\build\src\src\hotspot\share\runtime\reflection.cpp, line 1121]
Event: 10.355 Thread 0x000001d386976d20 Exception <a 'java/lang/reflect/InvocationTargetException'{0x0000000083ad7da8}> (0x0000000083ad7da8) 
thrown [e:\jenkins\tmp\workspace\build\src\src\hotspot\share\runtime\reflection.cpp, line 1121]
Event: 10.371 Thread 0x000001d386976d20 Exception <a 'java/lang/reflect/InvocationTargetException'{0x00000000838994b8}> (0x00000000838994b8) 
thrown [e:\jenkins\tmp\workspace\build\src\src\hotspot\share\runtime\reflection.cpp, line 1121]
Event: 10.384 Thread 0x000001d386976d20 Exception <a 'java/lang/reflect/InvocationTargetException'{0x0000000083633440}> (0x0000000083633440) 
thrown [e:\jenkins\tmp\workspace\build\src\src\hotspot\share\runtime\reflection.cpp, line 1121]
Event: 10.388 Thread 0x000001d386976d20 Exception <a 'java/lang/reflect/InvocationTargetException'{0x0000000083665d80}> (0x0000000083665d80) 
thrown [e:\jenkins\tmp\workspace\build\src\src\hotspot\share\runtime\reflection.cpp, line 1121]
Event: 10.402 Thread 0x000001d386976d20 Exception <a 'java/lang/reflect/InvocationTargetException'{0x00000000835a9550}> (0x00000000835a9550) 
thrown [e:\jenkins\tmp\workspace\build\src\src\hotspot\share\runtime\reflection.cpp, line 1121]
Event: 10.405 Thread 0x000001d386976d20 Exception <a 'java/lang/reflect/InvocationTargetException'{0x00000000835ca5a0}> (0x00000000835ca5a0) 
thrown [e:\jenkins\tmp\workspace\build\src\src\hotspot\share\runtime\reflection.cpp, line 1121]
Event: 10.420 Thread 0x000001d386976d20 Exception <a 'java/lang/reflect/InvocationTargetException'{0x0000000083329038}> (0x0000000083329038) 
thrown [e:\jenkins\tmp\workspace\build\src\src\hotspot\share\runtime\reflection.cpp, line 1121]
Event: 10.736 Thread 0x000001d386976d20 Exception <a 'sun/nio/fs/WindowsException'{0x0000000084fb9578}> (0x0000000084fb9578) 
thrown [e:\jenkins\tmp\workspace\build\src\src\hotspot\share\prims\jni.cpp, line 516]
Event: 10.782 Thread 0x000001d386976d20 Exception <a 'java/lang/IncompatibleClassChangeError'{0x0000000084b2efa8}: Found class java.lang.Object, but interface was expected> (0x0000000084b2efa8) 
thrown [e:\jenkins\tmp\workspace\build\src\src\hotspot\share\interpreter\linkResolver.cpp, line 833]
Event: 10.816 Thread 0x000001d386976d20 Exception <a 'java/lang/NoSuchMethodError'{0x0000000084900cf0}: 'void java.lang.invoke.DirectMethodHandle$Holder.invokeVirtual(java.lang.Object, java.lang.Object, long)'> (0x0000000084900cf0) 
thrown [e:\jenkins\tmp\workspace\build\src\src\hotspot\share\interpreter\linkResolver.cpp, line 766]
Event: 10.876 Thread 0x000001d386976d20 Exception <a 'java/lang/NoSuchMethodError'{0x00000000846cbc50}: 'int java.lang.invoke.DirectMethodHandle$Holder.invokeStaticInit(java.lang.Object, java.lang.Object, java.lang.Object, java.lang.Object)'> (0x00000000846cbc50) 
thrown [e:\jenkins\tmp\workspace\build\src\src\hotspot\share\interpreter\linkResolver.cpp, line 766]
Event: 10.948 Thread 0x000001d386976d20 Exception <a 'java/lang/IncompatibleClassChangeError'{0x00000000842054a0}: Found class java.lang.Object, but interface was expected> (0x00000000842054a0) 
thrown [e:\jenkins\tmp\workspace\build\src\src\hotspot\share\interpreter\linkResolver.cpp, line 833]
Event: 11.033 Thread 0x000001d386976d20 Exception <a 'java/lang/NoSuchMethodError'{0x0000000083c66388}: 'java.lang.Object java.lang.invoke.DirectMethodHandle$Holder.newInvokeSpecial(java.lang.Object, java.lang.Object, int, java.lang.Object, java.lang.Object)'> (0x0000000083c66388) 
thrown [e:\jenkins\tmp\workspace\build\src\src\hotspot\share\interpreter\linkResolver.cpp, line 766]
Event: 140.054 Thread 0x000001d38aec5bf0 Exception <a 'java/lang/NoSuchMethodError'{0x000000008bff5190}: 'java.lang.Object java.lang.invoke.DirectMethodHandle$Holder.invokeSpecial(java.lang.Object, java.lang.Object, java.lang.Object, java.lang.Object, java.lang.Object, long)'> (0x000000008bff5190) 
thrown [e:\jenkins\tmp\workspace\build\src\src\hotspot\share\interpreter\linkResolver.cpp, line 766]
Event: 140.054 Thread 0x000001d38aec5bf0 Exception <a 'java/lang/NoSuchMethodError'{0x000000008bff8b88}: 'java.lang.Object java.lang.invoke.Invokers$Holder.linkToTargetMethod(java.lang.Object, java.lang.Object, java.lang.Object, long, java.lang.Object)'> (0x000000008bff8b88) 
thrown [e:\jenkins\tmp\workspace\build\src\src\hotspot\share\interpreter\linkResolver.cpp, line 766]

VM Operations (20 events):
Event: 90.732 Executing VM operation: Cleanup
Event: 90.732 Executing VM operation: Cleanup done
Event: 94.777 Executing VM operation: Cleanup
Event: 94.777 Executing VM operation: Cleanup done
Event: 101.848 Executing VM operation: Cleanup
Event: 101.848 Executing VM operation: Cleanup done
Event: 109.933 Executing VM operation: Cleanup
Event: 109.933 Executing VM operation: Cleanup done
Event: 110.943 Executing VM operation: Cleanup
Event: 110.943 Executing VM operation: Cleanup done
Event: 121.041 Executing VM operation: Cleanup
Event: 121.041 Executing VM operation: Cleanup done
Event: 127.102 Executing VM operation: Cleanup
Event: 127.102 Executing VM operation: Cleanup done
Event: 130.138 Executing VM operation: Cleanup
Event: 130.138 Executing VM operation: Cleanup done
Event: 138.192 Executing VM operation: Cleanup
Event: 138.192 Executing VM operation: Cleanup done
Event: 140.024 Executing VM operation: G1CollectForAllocation
Event: 140.033 Executing VM operation: G1CollectForAllocation done

Events (20 events):
Event: 140.009 loading class sun/nio/ch/SocketAdaptor
Event: 140.009 loading class sun/nio/ch/SocketAdaptor done
Event: 140.010 loading class sun/nio/ch/SocketChannelImpl$DefaultOptionsHolder
Event: 140.010 loading class sun/nio/ch/SocketChannelImpl$DefaultOptionsHolder done
Event: 140.011 loading class sun/nio/ch/SelectionKeyImpl
Event: 140.011 loading class java/nio/channels/spi/AbstractSelectionKey
Event: 140.011 loading class java/nio/channels/SelectionKey
Event: 140.011 loading class java/nio/channels/SelectionKey done
Event: 140.011 loading class java/nio/channels/spi/AbstractSelectionKey done
Event: 140.011 loading class sun/nio/ch/SelectionKeyImpl done
Event: 140.012 loading class java/lang/invoke/ConstantBootstraps
Event: 140.013 loading class java/lang/invoke/ConstantBootstraps done
Event: 140.056 loading class sun/nio/cs/ThreadLocalCoders
Event: 140.056 loading class sun/nio/cs/ThreadLocalCoders done
Event: 140.056 loading class sun/nio/cs/ThreadLocalCoders$1
Event: 140.057 loading class sun/nio/cs/ThreadLocalCoders$Cache
Event: 140.057 loading class sun/nio/cs/ThreadLocalCoders$Cache done
Event: 140.057 loading class sun/nio/cs/ThreadLocalCoders$1 done
Event: 140.058 loading class sun/nio/cs/ThreadLocalCoders$2
Event: 140.058 loading class sun/nio/cs/ThreadLocalCoders$2 done


Dynamic libraries:
0x00007ff698f50000 - 0x00007ff698f5e000 	C:\temp\eclipse-jee\plugins\org.eclipse.justj.openjdk.hotspot.jre.full.win32.x86_64_17.0.1.v20211116-1657\jre\bin\javaw.exe
0x00007fff2ca70000 - 0x00007fff2cc68000 	C:\windows\SYSTEM32\ntdll.dll
0x00007fff2c800000 - 0x00007fff2c8c2000 	C:\windows\System32\KERNEL32.DLL
0x00007fff2a110000 - 0x00007fff2a40e000 	C:\windows\System32\KERNELBASE.dll
0x00007fff2a990000 - 0x00007fff2aa90000 	C:\windows\System32\ucrtbase.dll
0x00007fff0f020000 - 0x00007fff0f038000 	C:\temp\eclipse-jee\plugins\org.eclipse.justj.openjdk.hotspot.jre.full.win32.x86_64_17.0.1.v20211116-1657\jre\bin\jli.dll
0x00007fff2aa90000 - 0x00007fff2ac2d000 	C:\windows\System32\USER32.dll
0x00007fff2a6a0000 - 0x00007fff2a6c2000 	C:\windows\System32\win32u.dll
0x00007fff2c440000 - 0x00007fff2c46b000 	C:\windows\System32\GDI32.dll
0x00007fff2a530000 - 0x00007fff2a647000 	C:\windows\System32\gdi32full.dll
0x00007fff2a760000 - 0x00007fff2a7fd000 	C:\windows\System32\msvcp_win.dll
0x00007fff0e200000 - 0x00007fff0e219000 	C:\temp\eclipse-jee\plugins\org.eclipse.justj.openjdk.hotspot.jre.full.win32.x86_64_17.0.1.v20211116-1657\jre\bin\VCRUNTIME140.dll
0x00007fff0c1c0000 - 0x00007fff0c45a000 	C:\windows\WinSxS\amd64_microsoft.windows.common-controls_6595b64144ccf1df_6.0.19041.4355_none_60b8b9eb71f62e16\COMCTL32.dll
0x00007fff2c990000 - 0x00007fff2ca2e000 	C:\windows\System32\msvcrt.dll
0x00007fff2c4e0000 - 0x00007fff2c50f000 	C:\windows\System32\IMM32.DLL
0x000001d3e93e0000 - 0x000001d3e93f4000 	C:\windows\System32\umppc18721.dll
0x00007fff29f00000 - 0x00007fff29f36000 	C:\windows\system32\vmwsci.dll
0x00007fff2c640000 - 0x00007fff2c648000 	C:\windows\System32\PSAPI.DLL
0x00007fff17bd0000 - 0x00007fff17bdc000 	C:\temp\eclipse-jee\plugins\org.eclipse.justj.openjdk.hotspot.jre.full.win32.x86_64_17.0.1.v20211116-1657\jre\bin\vcruntime140_1.dll
0x00007fff0ae90000 - 0x00007fff0af21000 	C:\temp\eclipse-jee\plugins\org.eclipse.justj.openjdk.hotspot.jre.full.win32.x86_64_17.0.1.v20211116-1657\jre\bin\msvcp140.dll
0x00007ffef8e90000 - 0x00007ffef9ad6000 	C:\temp\eclipse-jee\plugins\org.eclipse.justj.openjdk.hotspot.jre.full.win32.x86_64_17.0.1.v20211116-1657\jre\bin\server\jvm.dll
0x00007fff2c8d0000 - 0x00007fff2c982000 	C:\windows\System32\ADVAPI32.dll
0x00007fff2adb0000 - 0x00007fff2ae50000 	C:\windows\System32\sechost.dll
0x00007fff2bb90000 - 0x00007fff2bcb3000 	C:\windows\System32\RPCRT4.dll
0x00007fff2a960000 - 0x00007fff2a987000 	C:\windows\System32\bcrypt.dll
0x00007fff1be30000 - 0x00007fff1be39000 	C:\windows\SYSTEM32\WSOCK32.dll
0x00007fff2c470000 - 0x00007fff2c4db000 	C:\windows\System32\WS2_32.dll
0x00007fff1be50000 - 0x00007fff1be77000 	C:\windows\SYSTEM32\WINMM.dll
0x00007fff28e20000 - 0x00007fff28e2a000 	C:\windows\SYSTEM32\VERSION.dll
0x00007fff28de0000 - 0x00007fff28df2000 	C:\windows\SYSTEM32\kernel.appcore.dll
0x00007fff24e10000 - 0x00007fff24e1a000 	C:\temp\eclipse-jee\plugins\org.eclipse.justj.openjdk.hotspot.jre.full.win32.x86_64_17.0.1.v20211116-1657\jre\bin\jimage.dll
0x00007fff278c0000 - 0x00007fff27aa4000 	C:\windows\SYSTEM32\DBGHELP.DLL
0x00007fff1bde0000 - 0x00007fff1be14000 	C:\windows\SYSTEM32\dbgcore.DLL
0x00007fff2a6d0000 - 0x00007fff2a752000 	C:\windows\System32\bcryptPrimitives.dll
0x00007fff19c60000 - 0x00007fff19c85000 	C:\temp\eclipse-jee\plugins\org.eclipse.justj.openjdk.hotspot.jre.full.win32.x86_64_17.0.1.v20211116-1657\jre\bin\java.dll
0x00007fff1b9a0000 - 0x00007fff1b9b8000 	C:\temp\eclipse-jee\plugins\org.eclipse.justj.openjdk.hotspot.jre.full.win32.x86_64_17.0.1.v20211116-1657\jre\bin\zip.dll
0x00007fff2b330000 - 0x00007fff2ba9f000 	C:\windows\System32\SHELL32.dll
0x00007fff28630000 - 0x00007fff28dd4000 	C:\windows\SYSTEM32\windows.storage.dll
0x00007fff2c0e0000 - 0x00007fff2c433000 	C:\windows\System32\combase.dll
0x00007fff29a30000 - 0x00007fff29a5e000 	C:\windows\SYSTEM32\Wldp.dll
0x00007fff2bac0000 - 0x00007fff2bb8d000 	C:\windows\System32\OLEAUT32.dll
0x00007fff2c6c0000 - 0x00007fff2c76d000 	C:\windows\System32\SHCORE.dll
0x00007fff2bcc0000 - 0x00007fff2bd15000 	C:\windows\System32\shlwapi.dll
0x00007fff2a040000 - 0x00007fff2a064000 	C:\windows\SYSTEM32\profapi.dll
0x00007fff19a40000 - 0x00007fff19a59000 	C:\temp\eclipse-jee\plugins\org.eclipse.justj.openjdk.hotspot.jre.full.win32.x86_64_17.0.1.v20211116-1657\jre\bin\net.dll
0x00007fff22df0000 - 0x00007fff22efd000 	C:\windows\SYSTEM32\WINHTTP.dll
0x00007fff29790000 - 0x00007fff297fa000 	C:\windows\system32\mswsock.dll
0x00007fff17e40000 - 0x00007fff17e55000 	C:\temp\eclipse-jee\plugins\org.eclipse.justj.openjdk.hotspot.jre.full.win32.x86_64_17.0.1.v20211116-1657\jre\bin\nio.dll
0x00007fff23530000 - 0x00007fff23539000 	C:\temp\eclipse-jee\plugins\org.eclipse.justj.openjdk.hotspot.jre.full.win32.x86_64_17.0.1.v20211116-1657\jre\bin\management.dll
0x00007fff23520000 - 0x00007fff2352b000 	C:\temp\eclipse-jee\plugins\org.eclipse.justj.openjdk.hotspot.jre.full.win32.x86_64_17.0.1.v20211116-1657\jre\bin\management_ext.dll
0x00007fff23b90000 - 0x00007fff23b9e000 	C:\temp\eclipse-jee\plugins\org.eclipse.justj.openjdk.hotspot.jre.full.win32.x86_64_17.0.1.v20211116-1657\jre\bin\sunmscapi.dll
0x00007fff2a800000 - 0x00007fff2a95c000 	C:\windows\System32\CRYPT32.dll
0x00007fff29aa0000 - 0x00007fff29ac7000 	C:\windows\SYSTEM32\ncrypt.dll
0x00007fff29a60000 - 0x00007fff29a9b000 	C:\windows\SYSTEM32\NTASN1.dll
0x00007fff29990000 - 0x00007fff299a8000 	C:\windows\SYSTEM32\CRYPTSP.dll
0x00007fff290b0000 - 0x00007fff290e4000 	C:\windows\system32\rsaenh.dll
0x00007fff29fc0000 - 0x00007fff29fee000 	C:\windows\SYSTEM32\USERENV.dll
0x00007fff29980000 - 0x00007fff2998c000 	C:\windows\SYSTEM32\CRYPTBASE.dll
0x00007fff29470000 - 0x00007fff294ab000 	C:\windows\SYSTEM32\IPHLPAPI.DLL
0x00007fff2c650000 - 0x00007fff2c658000 	C:\windows\System32\NSI.dll
0x00007fff25a90000 - 0x00007fff25aa7000 	C:\windows\SYSTEM32\dhcpcsvc6.DLL
0x00007fff25370000 - 0x00007fff2538d000 	C:\windows\SYSTEM32\dhcpcsvc.DLL
0x00007fff294b0000 - 0x00007fff2957a000 	C:\windows\SYSTEM32\DNSAPI.dll
0x00007fff1a430000 - 0x00007fff1a447000 	C:\windows\system32\napinsp.dll
0x00007fff19ee0000 - 0x00007fff19efb000 	C:\windows\system32\pnrpnsp.dll
0x00007fff1a3f0000 - 0x00007fff1a405000 	C:\windows\system32\wshbth.dll
0x00007fff24ee0000 - 0x00007fff24efd000 	C:\windows\system32\NLAapi.dll
0x00007fff1a450000 - 0x00007fff1a462000 	C:\windows\System32\winrnr.dll
0x00007fff24ed0000 - 0x00007fff24eda000 	C:\Windows\System32\rasadhlp.dll
0x00007fff25c00000 - 0x00007fff25c80000 	C:\windows\System32\fwpuclnt.dll
0x00007fff24e00000 - 0x00007fff24e10000 	C:\temp\eclipse-jee\plugins\org.eclipse.justj.openjdk.hotspot.jre.full.win32.x86_64_17.0.1.v20211116-1657\jre\bin\verify.dll
0x00007fff177d0000 - 0x00007fff177d7000 	C:\windows\system32\wshunix.dll

dbghelp: loaded successfully - version: 4.0.5 - missing functions: none
symbol engine: initialized successfully - sym options: 0x614 - pdb path: .;C:\temp\eclipse-jee\plugins\org.eclipse.justj.openjdk.hotspot.jre.full.win32.x86_64_17.0.1.v20211116-1657\jre\bin;C:\windows\SYSTEM32;C:\windows\WinSxS\amd64_microsoft.windows.common-controls_6595b64144ccf1df_6.0.19041.4355_none_60b8b9eb71f62e16;C:\temp\eclipse-jee\plugins\org.eclipse.justj.openjdk.hotspot.jre.full.win32.x86_64_17.0.1.v20211116-1657\jre\bin\server

VM Arguments:
jvm_args: -Dfile.encoding=UTF-8 -XX:+ShowCodeDetailsInExceptionMessages 
java_command: com.example.grocery.GroceryApplication
java_class_path (initial): C:\Users\2787115\Desktop\grocery_final_1511\grocery\target\classes;C:\Users\2787115\.m2\repository\org\springframework\boot\spring-boot-starter-data-jpa\3.3.3\spring-boot-starter-data-jpa-3.3.3.jar;C:\Users\2787115\.m2\repository\org\springframework\boot\spring-boot-starter-aop\3.3.3\spring-boot-starter-aop-3.3.3.jar;C:\Users\2787115\.m2\repository\org\springframework\spring-aop\6.1.12\spring-aop-6.1.12.jar;C:\Users\2787115\.m2\repository\org\aspectj\aspectjweaver\1.9.22.1\aspectjweaver-1.9.22.1.jar;C:\Users\2787115\.m2\repository\org\hibernate\orm\hibernate-core\6.5.2.Final\hibernate-core-6.5.2.Final.jar;C:\Users\2787115\.m2\repository\jakarta\persistence\jakarta.persistence-api\3.1.0\jakarta.persistence-api-3.1.0.jar;C:\Users\2787115\.m2\repository\jakarta\transaction\jakarta.transaction-api\2.0.1\jakarta.transaction-api-2.0.1.jar;C:\Users\2787115\.m2\repository\org\jboss\logging\jboss-logging\3.5.3.Final\jboss-logging-3.5.3.Final.jar;C:\Users\2787115\.m2\repository\org\hibernate\common\hibernate-commons-annotations\6.0.6.Final\hibernate-commons-annotations-6.0.6.Final.jar;C:\Users\2787115\.m2\repository\io\smallrye\jandex\3.1.2\jandex-3.1.2.jar;C:\Users\2787115\.m2\repository\com\fasterxml\classmate\1.7.0\classmate-1.7.0.jar;C:\Users\2787115\.m2\repository\net\bytebuddy\byte-buddy\1.14.19\byte-buddy-1.14.19.jar;C:\Users\2787115\.m2\repository\org\glassfish\jaxb\jaxb-runtime\4.0.5\jaxb-runtime-4.0.5.jar;C:\Users\2787115\.m2\repository\org\glassfish\jaxb\jaxb-core\4.0.5\jaxb-core-4.0.5.jar;C:\Users\2787115\.m2\repository\org\eclipse\angus\angus-activation\2.0.2\angus-activation-2.0.2.jar;C:\Users\2787115\.m2\repository\org\glassfish\jaxb\txw2\4.0.5\txw2-4.0.5.jar;C:\Users\2787115\.m2\repository\com\sun\istack\istack-commons-runtime\4.1.2\istack-commons-runtime-4.1.2.jar;C:\Users\2787115\.m2\repository\jakarta\inject\jakarta.inject-api\2.0.1\jakarta.inject-api-2.0.1.jar;C:\Users\2787115\.m2\repository\org\antlr\antlr4-runtime\4.13.0\antl
Launcher Type: SUN_STANDARD

[Global flags]
     intx CICompilerCount                          = 3                                         {product} {ergonomic}
     uint ConcGCThreads                            = 1                                         {product} {ergonomic}
     uint G1ConcRefinementThreads                  = 4                                         {product} {ergonomic}
   size_t G1HeapRegionSize                         = 1048576                                   {product} {ergonomic}
    uintx GCDrainStackTargetSize                   = 64                                        {product} {ergonomic}
   size_t InitialHeapSize                          = 134217728                                 {product} {ergonomic}
   size_t MarkStackSize                            = 4194304                                   {product} {ergonomic}
   size_t MaxHeapSize                              = 2147483648                                {product} {ergonomic}
   size_t MaxNewSize                               = 1287651328                                {product} {ergonomic}
   size_t MinHeapDeltaBytes                        = 1048576                                   {product} {ergonomic}
   size_t MinHeapSize                              = 8388608                                   {product} {ergonomic}
    uintx NonNMethodCodeHeapSize                   = 5832780                                {pd product} {ergonomic}
    uintx NonProfiledCodeHeapSize                  = 122912730                              {pd product} {ergonomic}
    uintx ProfiledCodeHeapSize                     = 122912730                              {pd product} {ergonomic}
    uintx ReservedCodeCacheSize                    = 251658240                              {pd product} {ergonomic}
     bool SegmentedCodeCache                       = true                                      {product} {ergonomic}
     bool ShowCodeDetailsInExceptionMessages       = true                                   {manageable} {command line}
   size_t SoftMaxHeapSize                          = 2147483648                             {manageable} {ergonomic}
     bool UseCompressedClassPointers               = true                           {product lp64_product} {ergonomic}
     bool UseCompressedOops                        = true                           {product lp64_product} {ergonomic}
     bool UseG1GC                                  = true                                      {product} {ergonomic}
     bool UseLargePagesIndividualAllocation        = false                                  {pd product} {ergonomic}

Logging:
Log output configuration:
 #0: stdout all=warning uptime,level,tags
 #1: stderr all=off uptime,level,tags

Environment Variables:
JAVA_HOME=C:\Program Files\OpenLogic\jdk-17.0.12.7-hotspot\
PATH=C:/temp/eclipse-jee//plugins/org.eclipse.justj.openjdk.hotspot.jre.full.win32.x86_64_17.0.1.v20211116-1657/jre/bin/server;C:/temp/eclipse-jee//plugins/org.eclipse.justj.openjdk.hotspot.jre.full.win32.x86_64_17.0.1.v20211116-1657/jre/bin;C:\Program Files\OpenLogic\jdk-17.0.12.7-hotspot\bin;C:\Program Files\Python312\Scripts\;C:\Program Files\Python312\;C:\windows\system32;C:\windows;C:\windows\System32\Wbem;C:\windows\System32\WindowsPowerShell\v1.0\;C:\windows\System32\OpenSSH\;C:\Program Files\Git\cmd;C:\Program Files\TortoiseGit\bin;C:\temp\New folder\tomcat-9.0.72\bin;C:\Program Files\nodejs\;C:\temp\New folder\node_modules\.bin;C:\Program Files\Microsoft VS Code\bin;C:\Users\2787115\AppData\Local\Microsoft\WindowsApps;C:\temp\eclipse-jee;
USERNAME=2787115
OS=Windows_NT
PROCESSOR_IDENTIFIER=Intel64 Family 6 Model 85 Stepping 7, GenuineIntel



---------------  S Y S T E M  ---------------

OS:
 Windows 10 , 64 bit Build 19041 (10.0.19041.4957)
OS uptime: 2 days 1:28 hours
VMWare virtualization detected

CPU: total 4 (initial active 4) (2 cores per cpu, 1 threads per core) family 6 model 85 stepping 7 microcode 0x5003604, cx8, cmov, fxsr, mmx, 3dnowpref, sse, sse2, sse3, ssse3, sse4.1, sse4.2, popcnt, lzcnt, tsc, tscinvbit, avx, avx2, aes, erms, clmul, bmi1, bmi2, adx, avx512f, avx512dq, avx512cd, avx512bw, avx512vl, fma, vzeroupper, avx512_vnni, clflush, clflushopt, clwb, hv

Memory: 4k page, system-wide physical 8191M (1238M free)
TotalPageFile size 8702M (AvailPageFile size 1M)
current process WorkingSet (physical memory assigned to process): 274M, peak: 336M
current process commit charge ("private bytes"): 298M, peak: 385M

vm_info: OpenJDK 64-Bit Server VM (17.0.1+12) for windows-amd64 JRE (17.0.1+12), built on Oct 20 2021 07:42:55 by "" with MS VC++ 16.7 (VS2019)

END.
